<?xml version="1.0" encoding="UTF-8"?>
<!-- Generated by org.testng.reporters.JUnitReportReporter -->
<testsuite hostname="ATMECSINLT-1441" failures="0" tests="12" name="com.reskill.testscripts.SauceDemoLoginTest" time="3.444" errors="0" timestamp="2022-11-29T13:27:00 IST" skipped="0">
  <testcase classname="com.reskill.testscripts.SauceDemoLoginTest" name="CheckUserCredentials" time="0.621"/>
  <system-out/>
  <testcase classname="com.reskill.testscripts.SauceDemoLoginTest" name="validLoginTest" time="0.292"/>
  <system-out/>
  <testcase classname="com.reskill.testscripts.SauceDemoLoginTest" name="getIntoProductMessage" time="0.075"/>
  <system-out/>
  <testcase classname="com.reskill.testscripts.SauceDemoLoginTest" name="productVerification" time="0.459"/>
  <system-out/>
  <testcase classname="com.reskill.testscripts.SauceDemoLoginTest" name="getIntoYourCartMassage" time="0.058"/>
  <system-out/>
  <testcase classname="com.reskill.testscripts.SauceDemoLoginTest" name="verifyProductInCart" time="0.340"/>
  <system-out/>
  <testcase classname="com.reskill.testscripts.SauceDemoLoginTest" name="getIntoCheckoutMassage" time="0.107"/>
  <system-out/>
  <testcase classname="com.reskill.testscripts.SauceDemoLoginTest" name="checkout" time="0.549"/>
  <system-out/>
  <testcase classname="com.reskill.testscripts.SauceDemoLoginTest" name="getIntoCheckoutOverviewtMassage" time="0.094"/>
  <system-out/>
  <testcase classname="com.reskill.testscripts.SauceDemoLoginTest" name="checkoutOverview" time="0.486"/>
  <system-out/>
  <testcase classname="com.reskill.testscripts.SauceDemoLoginTest" name="getIntoCheckoutCompletetMassage" time="0.074"/>
  <system-out/>
  <testcase classname="com.reskill.testscripts.SauceDemoLoginTest" name="checkoutComplete" time="0.289"/>
  <system-out/>
</testsuite> <!-- com.reskill.testscripts.SauceDemoLoginTest -->
