<?xml version="1.0" encoding="UTF-8"?>
<!-- Generated by org.testng.reporters.JUnitReportReporter -->
<testsuite hostname="ATMECSINLT-1441" failures="0" tests="1" name="com.reskill.testscripts.SauceDemoProductVerification" time="2.366" errors="0" timestamp="2022-12-02T13:55:20 IST" skipped="0">
  <testcase classname="com.reskill.testscripts.SauceDemoProductVerification" name="sauceDemo" time="2.366"/>
  <system-out/>
</testsuite> <!-- com.reskill.testscripts.SauceDemoProductVerification -->
