<?xml version="1.0" encoding="UTF-8"?>
<!-- Generated by org.testng.reporters.JUnitReportReporter -->
<testsuite hostname="ATMECSINLT-1441" failures="0" tests="1" name="com.reskill.testscripts.SauceDemoProductVerification" time="15.154" errors="0" timestamp="2022-12-01T20:26:07 IST" skipped="0">
  <testcase classname="com.reskill.testscripts.SauceDemoProductVerification" name="sauceDemo" time="15.154"/>
  <system-out/>
</testsuite> <!-- com.reskill.testscripts.SauceDemoProductVerification -->
