<?xml version="1.0" encoding="UTF-8"?>
<!-- Generated by org.testng.reporters.JUnitReportReporter -->
<testsuite hostname="ATMECSINLT-1441" failures="0" tests="1" name="com.reskill.testscripts.SauceDemoProductVerification" time="1.768" errors="0" timestamp="2022-12-05T19:33:54 IST" skipped="0">
  <testcase classname="com.reskill.testscripts.SauceDemoProductVerification" name="sauceDemo" time="1.768"/>
  <system-out/>
</testsuite> <!-- com.reskill.testscripts.SauceDemoProductVerification -->
