<?xml version="1.0" encoding="UTF-8"?>
<!-- Generated by org.testng.reporters.JUnitReportReporter -->
<testsuite hostname="ATMECSINLT-1441" failures="0" tests="1" name="com.reskill.testscripts.SauceDemoProductVerification" time="7.717" errors="0" timestamp="2022-11-30T00:59:55 IST" skipped="0">
  <testcase classname="com.reskill.testscripts.SauceDemoProductVerification" name="sauceDemo" time="7.717"/>
  <system-out/>
</testsuite> <!-- com.reskill.testscripts.SauceDemoProductVerification -->
