<?xml version="1.0" encoding="UTF-8"?>
<!-- Generated by org.testng.reporters.JUnitReportReporter -->
<testsuite hostname="ATMECSINLT-1441" failures="0" tests="1" name="com.reskill.testscripts.SauceDemoAllProductsVerification" time="2.879" errors="0" timestamp="2022-12-08T01:58:41 IST" skipped="0">
  <testcase classname="com.reskill.testscripts.SauceDemoAllProductsVerification" name="sauceDemo" time="2.879"/>
  <system-out/>
</testsuite> <!-- com.reskill.testscripts.SauceDemoAllProductsVerification -->
