<?xml version="1.0" encoding="UTF-8"?>
<!-- Generated by org.testng.reporters.JUnitReportReporter -->
<testsuite hostname="ATMECSINLT-1441" failures="0" tests="3" name="com.reskill.testscripts.SauceDemoLoginTest" time="0.448" errors="0" timestamp="2022-11-28T13:04:22 IST" skipped="0">
  <testcase classname="com.reskill.testscripts.SauceDemoLoginTest" name="validLoginTest" time="0.345"/>
  <system-out/>
  <testcase classname="com.reskill.testscripts.SauceDemoLoginTest" name="CheckUserCredentials" time="0.079"/>
  <system-out/>
  <testcase classname="com.reskill.testscripts.SauceDemoLoginTest" name="getIntoProductMessage" time="0.024"/>
  <system-out/>
</testsuite> <!-- com.reskill.testscripts.SauceDemoLoginTest -->
